<?xml version="1.0" encoding="UTF-8"?>
<testsuite name="com.csc.TestFuzzyFinder" tests="2" skipped="0" failures="0" errors="0" timestamp="2024-10-28T00:13:08" hostname="fedora" time="0.154">
  <properties/>
  <testcase name="testLinearSearchSorted()" classname="com.csc.TestFuzzyFinder" time="0.142"/>
  <testcase name="testLinearSearchRandomized()" classname="com.csc.TestFuzzyFinder" time="0.009"/>
  <system-out><![CDATA[]]></system-out>
  <system-err><![CDATA[]]></system-err>
</testsuite>
